2023/08/11 12:42:02 PM	This log contains information about the import schema operation into project 'Database1' on computer 'DESKTOP-5M50AGM' by user 'legen'.
2023/08/11 12:42:04 PM	Import of database schema has started.
2023/08/11 12:42:32 PM	Gathering database credentials
2023/08/11 12:42:32 PM	Gathering database options
2023/08/11 12:42:33 PM	Gathering generic database scoped configuration option
2023/08/11 12:42:33 PM	Gathering users
2023/08/11 12:42:33 PM	Gathering roles
2023/08/11 12:42:33 PM	Gathering application roles
2023/08/11 12:42:33 PM	Gathering role memberships
2023/08/11 12:42:33 PM	Gathering filegroups
2023/08/11 12:42:33 PM	Gathering full-text catalogs
2023/08/11 12:42:33 PM	Gathering assemblies
2023/08/11 12:42:33 PM	Gathering certificates
2023/08/11 12:42:33 PM	Gathering asymmetric keys
2023/08/11 12:42:33 PM	Gathering symmetric keys
2023/08/11 12:42:33 PM	Gathering encrypted symmetric keys
2023/08/11 12:42:33 PM	Gathering schemas
2023/08/11 12:42:33 PM	Gathering XML schema collections
2023/08/11 12:42:33 PM	Gathering user-defined data types
2023/08/11 12:42:33 PM	Gathering user-defined types
2023/08/11 12:42:33 PM	Gathering table types
2023/08/11 12:42:33 PM	Gathering unique keys for table types
2023/08/11 12:42:33 PM	Gathering primary keys for table types
2023/08/11 12:42:34 PM	Gathering indexes for table types
2023/08/11 12:42:35 PM	Gathering check constraints for table types
2023/08/11 12:42:35 PM	Gathering default constraints for table types
2023/08/11 12:42:35 PM	Gathering partition functions
2023/08/11 12:42:35 PM	Gathering partition schemes
2023/08/11 12:42:35 PM	Gathering functions
2023/08/11 12:42:35 PM	Gathering encrypted functions
2023/08/11 12:42:35 PM	Gathering aggregates
2023/08/11 12:42:35 PM	Gathering procedures
2023/08/11 12:42:35 PM	Gathering encrypted procedures
2023/08/11 12:42:35 PM	Gathering tables
2023/08/11 12:43:29 PM	Gathering primary keys
2023/08/11 12:43:29 PM	Gathering unique constraints
2023/08/11 12:43:54 PM	Gathering foreign keys
2023/08/11 12:43:54 PM	Gathering default constraints
2023/08/11 12:43:54 PM	Gathering check constraints
2023/08/11 12:43:54 PM	Gathering views
2023/08/11 12:43:54 PM	Gathering encrypted views
2023/08/11 12:43:54 PM	Gathering indexes
2023/08/11 12:43:54 PM	Gathering statistics
2023/08/11 12:43:54 PM	Gathering full-text index stoplists
2023/08/11 12:43:54 PM	Gathering search property lists
2023/08/11 12:43:54 PM	Gathering search properties
2023/08/11 12:43:54 PM	Gathering full-text indexes
2023/08/11 12:43:54 PM	Gathering column store indexes
2023/08/11 12:43:54 PM	Gathering spatial indexes
2023/08/11 12:43:54 PM	Gathering XML indexes
2023/08/11 12:43:54 PM	Gathering Selective XML indexes
2023/08/11 12:44:19 PM	Gathering encrypted triggers
2023/08/11 12:44:19 PM	Gathering triggers
2023/08/11 12:44:19 PM	Gathering encrypted and clr ddl triggers
2023/08/11 12:44:19 PM	Gathering ddl triggers
2023/08/11 12:44:19 PM	Creating edge constraints
2023/08/11 12:44:19 PM	Gathering synonyms
2023/08/11 12:44:19 PM	Gathering defaults
2023/08/11 12:44:19 PM	Gathering data constraint uddt bindings
2023/08/11 12:44:19 PM	Gathering rules
2023/08/11 12:44:19 PM	Gathering data constraint uddt bindings
2023/08/11 12:44:19 PM	Gathering message types
2023/08/11 12:44:19 PM	Gathering queues
2023/08/11 12:44:19 PM	Gathering contracts
2023/08/11 12:44:19 PM	Gathering services
2023/08/11 12:44:19 PM	Gathering event notifications
2023/08/11 12:44:19 PM	Gathering remote service bindings
2023/08/11 12:44:19 PM	Gathering broker priorities
2023/08/11 12:44:19 PM	Gathering signatures
2023/08/11 12:44:19 PM	Gathering compression options
2023/08/11 12:44:19 PM	Gathering sequence types
2023/08/11 12:44:19 PM	Gathering security policies
2023/08/11 12:44:19 PM	Gather column encryption keys
2023/08/11 12:44:19 PM	Gathering column master keys
2023/08/11 12:44:20 PM	Gathering external data sources
2023/08/11 12:44:20 PM	Gathering external file formats
2023/08/11 12:44:20 PM	Gathering external tables
2023/08/11 12:44:20 PM	Gathering XML index compression options
2023/08/11 12:44:20 PM	Gathering extended properties
2023/08/11 12:44:20 PM	Gathering assemblies
2023/08/11 12:44:20 PM	Gathering credentials
2023/08/11 12:44:20 PM	Gathering logins
2023/08/11 12:44:20 PM	Gathering server audits
2023/08/11 12:44:23 PM	Scanning project for duplicate elements
2023/08/11 12:44:23 PM	Finished duplicate element processing
2023/08/11 12:44:24 PM	Finished importing database.
2023/08/11 12:44:24 PM	A summary of the import was saved to the following location: C:\Users\legen\Desktop\CI CD Project\Database2\Database1\Database1\Import Schema Logs\Database1_20230811065702.log
2023/08/11 12:44:24 PM	Click Finish to continue...
